[main aec2a71] 31.03.2023
 4 files changed, 9 insertions(+), 2 deletions(-)
 create mode 100644 commit.log
 create mode 100644 lastCommit.log
16:29:08 
 
[main 9775430] 31.03.2023
 2 files changed, 10 insertions(+), 4 deletions(-)
16:29:27 
 
[main 196902a] 31.03.2023
 3 files changed, 9 insertions(+), 5 deletions(-)
16:29:53 
 
 
 
[main dee484c] 31.03.2023
 3 files changed, 16 insertions(+), 4 deletions(-)
16:33:06 
 
 
 
[main 01868ed] 31.03.2023
 2 files changed, 9 insertions(+), 3 deletions(-)
16:34:33 
 
 
 
[main aa0f674] 31.03.2023
 3 files changed, 10 insertions(+), 4 deletions(-)
16:35:27 
 
 
 
[main 83d271e] 31.03.2023
 3 files changed, 10 insertions(+), 6 deletions(-)
16:37:06 
 
 
 
[main ad29713] 31.03.2023
 3 files changed, 16 insertions(+), 8 deletions(-)
17:15:32 
 
 
 
[main d0942a9] 01.04.2023
 9 files changed, 15 insertions(+), 3 deletions(-)
 create mode 100644 steam_screenshots/20230401020241_1.jpg
 create mode 100644 steam_screenshots/20230401020432_1.jpg
 create mode 100644 steam_screenshots/20230401024523_1.jpg
 create mode 100644 steam_screenshots/20230401030026_1.jpg
 create mode 100644 steam_screenshots/20230401032027_1.jpg
 create mode 100644 steam_screenshots/20230401061211_1.jpg
14:41:21 
 
 
 
