[main e97f342] 02.04.2023
 20 files changed, 40 insertions(+), 3 deletions(-)
 create mode 100644 2023-04/VRChat_2023-04-02_02-25-37.246_2560x1440.png
 create mode 100644 2023-04/VRChat_2023-04-02_02-25-52.678_2560x1440.png
 create mode 100644 2023-04/VRChat_2023-04-02_02-25-53.709_2560x1440.png
 create mode 100644 2023-04/VRChat_2023-04-02_02-25-54.796_2560x1440.png
 create mode 100644 2023-04/VRChat_2023-04-02_02-25-55.948_2560x1440.png
 create mode 100644 2023-04/VRChat_2023-04-02_02-25-57.102_2560x1440.png
 create mode 100644 2023-04/VRChat_2023-04-02_02-25-59.385_2560x1440.png
 create mode 100644 2023-04/VRChat_2023-04-02_03-39-52.566_2560x1440.png
 create mode 100644 2023-04/VRChat_2023-04-02_03-39-54.687_2560x1440.png
 create mode 100644 2023-04/VRChat_2023-04-02_03-39-57.174_2560x1440.png
 create mode 100644 2023-04/VRChat_2023-04-02_03-41-49.588_2560x1440.png
 create mode 100644 2023-04/VRChat_2023-04-02_04-27-45.332_2560x1440.png
 create mode 100644 steam_screenshots/20230402023009_1.jpg
 create mode 100644 steam_screenshots/20230402032351_1.jpg
 create mode 100644 steam_screenshots/20230402032629_1.jpg
 create mode 100644 steam_screenshots/20230402033330_1.jpg
 create mode 100644 steam_screenshots/20230402042749_1.jpg
 5:00:55 
